Start testing: Feb 28 08:06 -03
----------------------------------------------------------
1/1 Testing: MathTest.BasicAssertion
1/1 Test: MathTest.BasicAssertion
Command: "/home/alissoneves/cpp-lab/build/build/Release/cpp_lab_tests" "--gtest_filter=MathTest.BasicAssertion" "--gtest_also_run_disabled_tests"
Directory: /home/alissoneves/cpp-lab/build/build/Release
"MathTest.BasicAssertion" start time: Feb 28 08:06 -03
Output:
----------------------------------------------------------
Running main() from /home/alissoneves/.conan2/p/b/gtest010f805035b36/b/src/googletest/src/gtest_main.cc
Note: Google Test filter = MathTest.BasicAssertion
[==========] Running 1 test from 1 test suite.
[----------] Global test environment set-up.
[----------] 1 test from MathTest
[ RUN      ] MathTest.BasicAssertion
[       OK ] MathTest.BasicAssertion (0 ms)
[----------] 1 test from MathTest (0 ms total)

[----------] Global test environment tear-down
[==========] 1 test from 1 test suite ran. (0 ms total)
[  PASSED  ] 1 test.
<end of output>
Test time =   0.00 sec
----------------------------------------------------------
Test Passed.
"MathTest.BasicAssertion" end time: Feb 28 08:06 -03
"MathTest.BasicAssertion" time elapsed: 00:00:00
----------------------------------------------------------

End testing: Feb 28 08:06 -03
